#
# A fatal error has been detected by the Java Runtime Environment:
#
#  EXCEPTION_ACCESS_VIOLATION (0xc0000005) at pc=0x0000000003357f6b, pid=11860, tid=0x0000000000002ef0
#
# JRE version: Java(TM) SE Runtime Environment (8.0_161-b12) (build 1.8.0_161-b12)
# Java VM: Java HotSpot(TM) 64-Bit Server VM (25.161-b12 mixed mode windows-amd64 compressed oops)
# Problematic frame:
# j  javax.persistence.Persistence.<clinit>()V+0
#
# Failed to write core dump. Minidumps are not enabled by default on client versions of Windows
#
# If you would like to submit a bug report, please visit:
#   http://bugreport.java.com/bugreport/crash.jsp
#

---------------  T H R E A D  ---------------

Current thread (0x000000001a43f800):  JavaThread "background-preinit" [_thread_in_Java, id=12016, stack(0x000000001d500000,0x000000001d600000)]

siginfo: ExceptionCode=0xc0000005, reading address 0x00000000507bc978

Registers:
RAX=0x0000000000000000, RBX=0x00000000000000c8, RCX=0x000000001c656e78, RDX=0x0000000034165b00
RSP=0x000000001d5fe1d8, RBP=0x000000001d5fe218, RSI=0x000000001a43f800, RDI=0x00000000ffffffff
R8 =0x000000000000000a, R9 =0x000000000000000a, R10=0x000000005b36aa90, R11=0x000000001c658b78
R12=0x0000000000000000, R13=0x00000000507bc978, R14=0x000000001d5fe220, R15=0x000000001a43f800
RIP=0x0000000003357f6b, EFLAGS=0x0000000000010206

Top of Stack: (sp=0x000000001d5fe1d8)
0x000000001d5fe1d8:   000000001d5fe1d8 000000001c656e78
0x000000001d5fe1e8:   000000001d5fe220 000000001c656f08
0x000000001d5fe1f8:   0000000000000000 000000001c656e78
0x000000001d5fe208:   0000000000000000 000000001d5fe228
0x000000001d5fe218:   000000001d5fe300 00000000033308da
0x000000001d5fe228:   0000000000000000 0000000000000000
0x000000001d5fe238:   0000000000000000 0000000000000000
0x000000001d5fe248:   0000000000000000 0000000000000000
0x000000001d5fe258:   0000000000000000 0000000000000000
0x000000001d5fe268:   0000000000000000 0000000000000000
0x000000001d5fe278:   0000000000000000 0000000000000000
0x000000001d5fe288:   0000000000000000 0000000000000000
0x000000001d5fe298:   0000000000000000 0000000000000000
0x000000001d5fe2a8:   0000000000000000 0000000000000000
0x000000001d5fe2b8:   0000000000000000 0000000000000000
0x000000001d5fe2c8:   000000001c656e78 000000001d5fe410 

Instructions: (pc=0x0000000003357f6b)
0x0000000003357f4b:   00 00 e9 19 00 00 00 48 8b 49 18 8b 41 0c 83 c0
0x0000000003357f5b:   08 89 41 0c 81 e0 f8 1f 00 00 0f 84 13 01 00 00
0x0000000003357f6b:   41 0f b6 5d 00 49 ba 90 aa 36 5b 00 00 00 00 41
0x0000000003357f7b:   ff 24 da e8 05 00 00 00 e9 94 00 00 00 48 8d 44 


Register to memory mapping:

RAX=0x0000000000000000 is an unknown value
RBX=0x00000000000000c8 is an unknown value
RCX={method} {0x000000001c656e80} '<clinit>' '()V' in 'javax/persistence/Persistence'
RDX=0x0000000034165b00 is an unknown value
RSP=0x000000001d5fe1d8 is pointing into the stack for thread: 0x000000001a43f800
RBP=0x000000001d5fe218 is pointing into the stack for thread: 0x000000001a43f800
RSI=0x000000001a43f800 is a thread
RDI=0x00000000ffffffff is an unallocated location in the heap
R8 =0x000000000000000a is an unknown value
R9 =0x000000000000000a is an unknown value
R10=0x000000005b36aa90 is an unknown value
R11=0x000000001c658b78 is pointing into metadata
R12=0x0000000000000000 is an unknown value
R13=0x00000000507bc978 is an unknown value
R14=0x000000001d5fe220 is pointing into the stack for thread: 0x000000001a43f800
R15=0x000000001a43f800 is a thread


Stack: [0x000000001d500000,0x000000001d600000],  sp=0x000000001d5fe1d8,  free space=1016k
Native frames: (J=compiled Java code, j=interpreted, Vv=VM code, C=native code)
C  0x0000000003357f6b


---------------  P R O C E S S  ---------------

Java Threads: ( => current thread )
=>0x000000001a43f800 JavaThread "background-preinit" [_thread_in_Java, id=12016, stack(0x000000001d500000,0x000000001d600000)]
  0x000000001a444000 JavaThread "restartedMain" [_thread_blocked, id=10072, stack(0x000000001d200000,0x000000001d300000)]
  0x000000001a442000 JavaThread "Thread-16" [_thread_blocked, id=4184, stack(0x000000001d100000,0x000000001d200000)]
  0x000000001a301800 JavaThread "RMI TCP Connection(4)-127.0.0.1" daemon [_thread_in_native, id=12528, stack(0x000000001ca00000,0x000000001cb00000)]
  0x000000001a300800 JavaThread "RMI TCP Connection(3)-127.0.0.1" daemon [_thread_in_native, id=20164, stack(0x000000001c900000,0x000000001ca00000)]
  0x000000001a4d4800 JavaThread "RMI TCP Connection(idle)" daemon [_thread_blocked, id=13784, stack(0x000000001bf00000,0x000000001c000000)]
  0x000000001a4de000 JavaThread "RMI Scheduler(0)" daemon [_thread_blocked, id=4956, stack(0x000000001be00000,0x000000001bf00000)]
  0x000000001a4c5800 JavaThread "RMI TCP Accept-0" daemon [_thread_in_native, id=9000, stack(0x000000001bc00000,0x000000001bd00000)]
  0x000000001a46e800 JavaThread "RMI TCP Connection(1)-127.0.0.1" daemon [_thread_blocked, id=19496, stack(0x000000001bb00000,0x000000001bc00000)]
  0x000000001a46b000 JavaThread "RMI TCP Accept-53837" daemon [_thread_in_native, id=19800, stack(0x000000001ba00000,0x000000001bb00000)]
  0x000000001a468000 JavaThread "RMI TCP Accept-0" daemon [_thread_in_native, id=1616, stack(0x000000001b900000,0x000000001ba00000)]
  0x000000001a1d0800 JavaThread "Service Thread" daemon [_thread_blocked, id=3840, stack(0x000000001b4c0000,0x000000001b5c0000)]
  0x000000001a1d0000 JavaThread "C1 CompilerThread2" daemon [_thread_blocked, id=11392, stack(0x000000001b3c0000,0x000000001b4c0000)]
  0x000000001a15a000 JavaThread "C2 CompilerThread1" daemon [_thread_blocked, id=18188, stack(0x000000001b2c0000,0x000000001b3c0000)]
  0x000000001a157000 JavaThread "C2 CompilerThread0" daemon [_thread_blocked, id=2772, stack(0x000000001b1c0000,0x000000001b2c0000)]
  0x000000001a1a2000 JavaThread "Monitor Ctrl-Break" daemon [_thread_in_native, id=4160, stack(0x000000001b0c0000,0x000000001b1c0000)]
  0x0000000017ea0000 JavaThread "Attach Listener" daemon [_thread_blocked, id=13708, stack(0x00000000193f0000,0x00000000194f0000)]
  0x0000000017e9f000 JavaThread "Signal Dispatcher" daemon [_thread_blocked, id=17020, stack(0x00000000192f0000,0x00000000193f0000)]
  0x0000000017e85800 JavaThread "Finalizer" daemon [_thread_blocked, id=20392, stack(0x0000000019100000,0x0000000019200000)]
  0x0000000017e5a000 JavaThread "Reference Handler" daemon [_thread_blocked, id=8488, stack(0x0000000019000000,0x0000000019100000)]
  0x0000000003106800 JavaThread "main" [_thread_blocked, id=16032, stack(0x0000000002f00000,0x0000000003000000)]

Other Threads:
  0x0000000017e57800 VMThread [stack: 0x0000000018f00000,0x0000000019000000] [id=17324]
  0x000000001a4ce800 WatcherThread [stack: 0x000000001bd00000,0x000000001be00000] [id=16652]

VM state:synchronizing (normal execution)

VM Mutex/Monitor currently owned by a thread:  ([mutex/lock_event])
[0x00000000030fb640] Safepoint_lock - owner thread: 0x0000000017e57800
[0x00000000030fb4c0] Threads_lock - owner thread: 0x0000000017e57800
[0x00000000030fbc40] Heap_lock - owner thread: 0x000000001a444000

Heap:
 PSYoungGen      total 38400K, used 38373K [0x00000000d5d00000, 0x00000000d8780000, 0x0000000100000000)
  eden space 33280K, 100% used [0x00000000d5d00000,0x00000000d7d80000,0x00000000d7d80000)
  from space 5120K, 99% used [0x00000000d7d80000,0x00000000d8279740,0x00000000d8280000)
  to   space 5120K, 0% used [0x00000000d8280000,0x00000000d8280000,0x00000000d8780000)
 ParOldGen       total 87552K, used 4991K [0x0000000081600000, 0x0000000086b80000, 0x00000000d5d00000)
  object space 87552K, 5% used [0x0000000081600000,0x0000000081adffa8,0x0000000086b80000)
 Metaspace       used 13879K, capacity 14270K, committed 14464K, reserved 1062912K
  class space    used 1736K, capacity 1858K, committed 1920K, reserved 1048576K

Card table byte_map: [0x00000000126f0000,0x0000000012af0000] byte_map_base: 0x00000000122e5000

Marking Bits: (ParMarkBitMap*) 0x000000005b37f860
 Begin Bits: [0x00000000131a0000, 0x0000000015148000)
 End Bits:   [0x0000000015148000, 0x00000000170f0000)

Polling page: 0x0000000002e90000

CodeCache: size=245760Kb used=3357Kb max_used=3357Kb free=242402Kb
 bounds [0x0000000003330000, 0x0000000003680000, 0x0000000012330000]
 total_blobs=1843 nmethods=1468 adapters=287
 compilation: enabled

Compilation events (10 events):
Event: 22.317 Thread 0x000000001a1d0000 nmethod 1478 0x0000000003676950 code [0x0000000003676aa0, 0x0000000003676c30]
Event: 22.317 Thread 0x000000001a1d0000 1479       1       org.springframework.boot.context.properties.source.ConfigurationPropertyName$ElementValidator::isAlpha (18 bytes)
Event: 22.317 Thread 0x000000001a1d0000 nmethod 1479 0x0000000003676c90 code [0x0000000003676de0, 0x0000000003676ef0]
Event: 22.317 Thread 0x000000001a1d0000 1480       1       org.springframework.boot.context.properties.source.ConfigurationPropertyName$CharProcessor$$Lambda$59/1281731335::process (6 bytes)
Event: 22.317 Thread 0x000000001a1d0000 nmethod 1480 0x0000000003676f50 code [0x00000000036770a0, 0x00000000036771b0]
Event: 22.317 Thread 0x000000001a1d0000 1481       1       java.lang.invoke.MemberName::<init> (47 bytes)
Event: 22.318 Thread 0x000000001a1d0000 nmethod 1481 0x0000000003677210 code [0x00000000036773a0, 0x0000000003677598]
Event: 22.318 Thread 0x000000001a1d0000 1482       1       ch.qos.logback.classic.util.LoggerNameUtil::getSeparatorIndexOf (53 bytes)
Event: 22.318 Thread 0x000000001a1d0000 nmethod 1482 0x00000000036776d0 code [0x0000000003677840, 0x00000000036779f8]
Event: 22.318 Thread 0x000000001a1d0000 1483       1       sun.reflect.NativeConstructorAccessorImpl::newInstance (89 bytes)

GC Heap History (6 events):
Event: 12.705 GC heap before
{Heap before GC invocations=1 (full 0):
 PSYoungGen      total 38400K, used 33280K [0x00000000d5d00000, 0x00000000d8780000, 0x0000000100000000)
  eden space 33280K, 100% used [0x00000000d5d00000,0x00000000d7d80000,0x00000000d7d80000)
  from space 5120K, 0% used [0x00000000d8280000,0x00000000d8280000,0x00000000d8780000)
  to   space 5120K, 0% used [0x00000000d7d80000,0x00000000d7d80000,0x00000000d8280000)
 ParOldGen       total 87552K, used 0K [0x0000000081600000, 0x0000000086b80000, 0x00000000d5d00000)
  object space 87552K, 0% used [0x0000000081600000,0x0000000081600000,0x0000000086b80000)
 Metaspace       used 9463K, capacity 9738K, committed 9984K, reserved 1058816K
  class space    used 1171K, capacity 1243K, committed 1280K, reserved 1048576K
Event: 12.711 GC heap after
Heap after GC invocations=1 (full 0):
 PSYoungGen      total 38400K, used 4722K [0x00000000d5d00000, 0x00000000d8780000, 0x0000000100000000)
  eden space 33280K, 0% used [0x00000000d5d00000,0x00000000d5d00000,0x00000000d7d80000)
  from space 5120K, 92% used [0x00000000d7d80000,0x00000000d821c9e8,0x00000000d8280000)
  to   space 5120K, 0% used [0x00000000d8280000,0x00000000d8280000,0x00000000d8780000)
 ParOldGen       total 87552K, used 16K [0x0000000081600000, 0x0000000086b80000, 0x00000000d5d00000)
  object space 87552K, 0% used [0x0000000081600000,0x0000000081604000,0x0000000086b80000)
 Metaspace       used 9463K, capacity 9738K, committed 9984K, reserved 1058816K
  class space    used 1171K, capacity 1243K, committed 1280K, reserved 1048576K
}
Event: 17.223 GC heap before
{Heap before GC invocations=2 (full 0):
 PSYoungGen      total 38400K, used 38002K [0x00000000d5d00000, 0x00000000d8780000, 0x0000000100000000)
  eden space 33280K, 100% used [0x00000000d5d00000,0x00000000d7d80000,0x00000000d7d80000)
  from space 5120K, 92% used [0x00000000d7d80000,0x00000000d821c9e8,0x00000000d8280000)
  to   space 5120K, 0% used [0x00000000d8280000,0x00000000d8280000,0x00000000d8780000)
 ParOldGen       total 87552K, used 16K [0x0000000081600000, 0x0000000086b80000, 0x00000000d5d00000)
  object space 87552K, 0% used [0x0000000081600000,0x0000000081604000,0x0000000086b80000)
 Metaspace       used 10764K, capacity 10978K, committed 11264K, reserved 1058816K
  class space    used 1327K, capacity 1423K, committed 1536K, reserved 1048576K
Event: 17.234 GC heap after
Heap after GC invocations=2 (full 0):
 PSYoungGen      total 38400K, used 5112K [0x00000000d5d00000, 0x00000000d8780000, 0x0000000100000000)
  eden space 33280K, 0% used [0x00000000d5d00000,0x00000000d5d00000,0x00000000d7d80000)
  from space 5120K, 99% used [0x00000000d8280000,0x00000000d877e3d0,0x00000000d8780000)
  to   space 5120K, 0% used [0x00000000d7d80000,0x00000000d7d80000,0x00000000d8280000)
 ParOldGen       total 87552K, used 1834K [0x0000000081600000, 0x0000000086b80000, 0x00000000d5d00000)
  object space 87552K, 2% used [0x0000000081600000,0x00000000817cabe8,0x0000000086b80000)
 Metaspace       used 10764K, capacity 10978K, committed 11264K, reserved 1058816K
  class space    used 1327K, capacity 1423K, committed 1536K, reserved 1048576K
}
Event: 19.887 GC heap before
{Heap before GC invocations=3 (full 0):
 PSYoungGen      total 38400K, used 38392K [0x00000000d5d00000, 0x00000000d8780000, 0x0000000100000000)
  eden space 33280K, 100% used [0x00000000d5d00000,0x00000000d7d80000,0x00000000d7d80000)
  from space 5120K, 99% used [0x00000000d8280000,0x00000000d877e3d0,0x00000000d8780000)
  to   space 5120K, 0% used [0x00000000d7d80000,0x00000000d7d80000,0x00000000d8280000)
 ParOldGen       total 87552K, used 1834K [0x0000000081600000, 0x0000000086b80000, 0x00000000d5d00000)
  object space 87552K, 2% used [0x0000000081600000,0x00000000817cabe8,0x0000000086b80000)
 Metaspace       used 11745K, capacity 12072K, committed 12160K, reserved 1060864K
  class space    used 1475K, capacity 1581K, committed 1664K, reserved 1048576K
Event: 19.898 GC heap after
Heap after GC invocations=3 (full 0):
 PSYoungGen      total 38400K, used 5093K [0x00000000d5d00000, 0x00000000d8780000, 0x0000000100000000)
  eden space 33280K, 0% used [0x00000000d5d00000,0x00000000d5d00000,0x00000000d7d80000)
  from space 5120K, 99% used [0x00000000d7d80000,0x00000000d8279740,0x00000000d8280000)
  to   space 5120K, 0% used [0x00000000d8280000,0x00000000d8280000,0x00000000d8780000)
 ParOldGen       total 87552K, used 4991K [0x0000000081600000, 0x0000000086b80000, 0x00000000d5d00000)
  object space 87552K, 5% used [0x0000000081600000,0x0000000081adffa8,0x0000000086b80000)
 Metaspace       used 11745K, capacity 12072K, committed 12160K, reserved 1060864K
  class space    used 1475K, capacity 1581K, committed 1664K, reserved 1048576K
}

Deoptimization events (0 events):
No events

Classes redefined (0 events):
No events

Internal exceptions (10 events):
Event: 21.768 Thread 0x000000001a43f800 Exception <a 'java/security/PrivilegedActionException'> (0x00000000d7913a80) thrown at [C:\re\workspace\8-2-build-windows-amd64-cygwin\jdk8u161\10277\hotspot\src\share\vm\prims\jvm.cpp, line 1390]
Event: 21.768 Thread 0x000000001a43f800 Exception <a 'java/security/PrivilegedActionException'> (0x00000000d7915210) thrown at [C:\re\workspace\8-2-build-windows-amd64-cygwin\jdk8u161\10277\hotspot\src\share\vm\prims\jvm.cpp, line 1390]
Event: 21.768 Thread 0x000000001a43f800 Exception <a 'java/security/PrivilegedActionException'> (0x00000000d7915608) thrown at [C:\re\workspace\8-2-build-windows-amd64-cygwin\jdk8u161\10277\hotspot\src\share\vm\prims\jvm.cpp, line 1390]
Event: 21.768 Thread 0x000000001a43f800 Exception <a 'java/security/PrivilegedActionException'> (0x00000000d79175d0) thrown at [C:\re\workspace\8-2-build-windows-amd64-cygwin\jdk8u161\10277\hotspot\src\share\vm\prims\jvm.cpp, line 1390]
Event: 21.768 Thread 0x000000001a43f800 Exception <a 'java/security/PrivilegedActionException'> (0x00000000d79179c8) thrown at [C:\re\workspace\8-2-build-windows-amd64-cygwin\jdk8u161\10277\hotspot\src\share\vm\prims\jvm.cpp, line 1390]
Event: 21.768 Thread 0x000000001a43f800 Exception <a 'java/security/PrivilegedActionException'> (0x00000000d7919130) thrown at [C:\re\workspace\8-2-build-windows-amd64-cygwin\jdk8u161\10277\hotspot\src\share\vm\prims\jvm.cpp, line 1390]
Event: 21.768 Thread 0x000000001a43f800 Exception <a 'java/security/PrivilegedActionException'> (0x00000000d7919528) thrown at [C:\re\workspace\8-2-build-windows-amd64-cygwin\jdk8u161\10277\hotspot\src\share\vm\prims\jvm.cpp, line 1390]
Event: 22.163 Thread 0x000000001a444000 Exception <a 'java/lang/NoSuchMethodError': java.lang.Object.lambda$identity$2(Ljava/lang/Object;)Ljava/lang/Object;> (0x00000000d7c9a200) thrown at [C:\re\workspace\8-2-build-windows-amd64-cygwin\jdk8u161\10277\hotspot\src\share\vm\interpreter\linkResolv
Event: 22.315 Thread 0x000000001a444000 Exception <a 'java/lang/NoSuchMethodError': java.lang.Object.lambda$static$0(CI)C> (0x00000000d7d26068) thrown at [C:\re\workspace\8-2-build-windows-amd64-cygwin\jdk8u161\10277\hotspot\src\share\vm\interpreter\linkResolver.cpp, line 620]
Event: 22.316 Thread 0x000000001a444000 Exception <a 'java/lang/NoSuchMethodError': java.lang.Object.lambda$static$1(CI)C> (0x00000000d7d28cb8) thrown at [C:\re\workspace\8-2-build-windows-amd64-cygwin\jdk8u161\10277\hotspot\src\share\vm\interpreter\linkResolver.cpp, line 620]

Events (10 events):
Event: 22.317 loading class org/springframework/boot/context/properties/source/ConfigurationPropertyName done
Event: 22.317 loading class java/util/stream/MatchOps$MatchKind
Event: 22.318 loading class java/util/stream/MatchOps$MatchKind done
Event: 22.318 loading class java/util/stream/MatchOps
Event: 22.318 loading class java/util/stream/MatchOps done
Event: 22.318 loading class java/util/stream/MatchOps$MatchOp
Event: 22.318 loading class java/util/stream/MatchOps$MatchOp done
Event: 22.318 loading class java/util/stream/MatchOps$BooleanTerminalSink
Event: 22.318 loading class java/util/stream/MatchOps$BooleanTerminalSink done
Event: 22.319 Executing VM operation: ParallelGCFailedAllocation


Dynamic libraries:
0x00007ff787550000 - 0x00007ff787587000 	C:\Program Files\Java\jdk1.8.0_161\bin\java.exe
0x00007ff96b9c0000 - 0x00007ff96bba1000 	C:\WINDOWS\SYSTEM32\ntdll.dll
0x00007ff969870000 - 0x00007ff969922000 	C:\WINDOWS\System32\KERNEL32.DLL
0x00007ff968470000 - 0x00007ff9686e3000 	C:\WINDOWS\System32\KERNELBASE.dll
0x00007ff9695e0000 - 0x00007ff969681000 	C:\WINDOWS\System32\ADVAPI32.dll
0x00007ff96b8f0000 - 0x00007ff96b98e000 	C:\WINDOWS\System32\msvcrt.dll
0x00007ff968e60000 - 0x00007ff968ebb000 	C:\WINDOWS\System32\sechost.dll
0x00007ff96b130000 - 0x00007ff96b254000 	C:\WINDOWS\System32\RPCRT4.dll
0x00007ff969ac0000 - 0x00007ff969c50000 	C:\WINDOWS\System32\USER32.dll
0x00007ff968150000 - 0x00007ff968170000 	C:\WINDOWS\System32\win32u.dll
0x00007ff969930000 - 0x00007ff969958000 	C:\WINDOWS\System32\GDI32.dll
0x00007ff9681d0000 - 0x00007ff968362000 	C:\WINDOWS\System32\gdi32full.dll
0x00007ff967e40000 - 0x00007ff967edf000 	C:\WINDOWS\System32\msvcp_win.dll
0x00007ff968370000 - 0x00007ff96846a000 	C:\WINDOWS\System32\ucrtbase.dll
0x00007ff957950000 - 0x00007ff957bb9000 	C:\WINDOWS\WinSxS\amd64_microsoft.windows.common-controls_6595b64144ccf1df_6.0.17134.228_none_fb4599993062b194\COMCTL32.dll
0x00007ff969060000 - 0x00007ff969383000 	C:\WINDOWS\System32\combase.dll
0x00007ff9680d0000 - 0x00007ff96814a000 	C:\WINDOWS\System32\bcryptPrimitives.dll
0x00007ff9699c0000 - 0x00007ff9699ed000 	C:\WINDOWS\System32\IMM32.DLL
0x00007ff966c50000 - 0x00007ff966cfc000 	C:\Windows\system32\tmumh\20019\AddOn\7.0.0.1156\TmUmEvt64.dll
0x00007ff969690000 - 0x00007ff969698000 	C:\WINDOWS\System32\PSAPI.DLL
0x00007ff969810000 - 0x00007ff969861000 	C:\WINDOWS\System32\SHLWAPI.dll
0x000000005e740000 - 0x000000005e85d000 	C:\Windows\system32\tmumh\20019\TmMon\2.5.0.2081\tmmon64.dll
0x000000005b400000 - 0x000000005b4d2000 	C:\Program Files\Java\jdk1.8.0_161\jre\bin\msvcr100.dll
0x000000005ab60000 - 0x000000005b3ff000 	C:\Program Files\Java\jdk1.8.0_161\jre\bin\server\jvm.dll
0x00007ff958430000 - 0x00007ff958439000 	C:\WINDOWS\SYSTEM32\WSOCK32.dll
0x00007ff96b2c0000 - 0x00007ff96b32c000 	C:\WINDOWS\System32\WS2_32.dll
0x00007ff9658b0000 - 0x00007ff9658d3000 	C:\WINDOWS\SYSTEM32\WINMM.dll
0x00007ff95e070000 - 0x00007ff95e07a000 	C:\WINDOWS\SYSTEM32\VERSION.dll
0x00007ff965880000 - 0x00007ff9658aa000 	C:\WINDOWS\SYSTEM32\WINMMBASE.dll
0x00007ff9686f0000 - 0x00007ff968739000 	C:\WINDOWS\System32\cfgmgr32.dll
0x000000005ab50000 - 0x000000005ab5f000 	C:\Program Files\Java\jdk1.8.0_161\jre\bin\verify.dll
0x000000005ab20000 - 0x000000005ab49000 	C:\Program Files\Java\jdk1.8.0_161\jre\bin\java.dll
0x000000005a9a0000 - 0x000000005a9c3000 	C:\Program Files\Java\jdk1.8.0_161\jre\bin\instrument.dll
0x000000005ab00000 - 0x000000005ab16000 	C:\Program Files\Java\jdk1.8.0_161\jre\bin\zip.dll
0x00007ff969cf0000 - 0x00007ff96b130000 	C:\WINDOWS\System32\SHELL32.dll
0x00007ff969530000 - 0x00007ff9695d9000 	C:\WINDOWS\System32\shcore.dll
0x00007ff968740000 - 0x00007ff968e4d000 	C:\WINDOWS\System32\windows.storage.dll
0x00007ff967cd0000 - 0x00007ff967ce1000 	C:\WINDOWS\System32\kernel.appcore.dll
0x00007ff967d60000 - 0x00007ff967d7f000 	C:\WINDOWS\System32\profapi.dll
0x00007ff967cf0000 - 0x00007ff967d3c000 	C:\WINDOWS\System32\powrprof.dll
0x00007ff967d80000 - 0x00007ff967d8a000 	C:\WINDOWS\System32\FLTLIB.DLL
0x00007ff959b10000 - 0x00007ff959b2a000 	C:\Program Files\JetBrains\IntelliJ IDEA 2018.2.1\bin\breakgen64.dll
0x000000005aae0000 - 0x000000005aafa000 	C:\Program Files\Java\jdk1.8.0_161\jre\bin\net.dll
0x00007ff967550000 - 0x00007ff9675b6000 	C:\WINDOWS\system32\mswsock.dll
0x000000005aab0000 - 0x000000005aabd000 	C:\Program Files\Java\jdk1.8.0_161\jre\bin\management.dll
0x000000005aac0000 - 0x000000005aad1000 	C:\Program Files\Java\jdk1.8.0_161\jre\bin\nio.dll
0x00007ff9635e0000 - 0x00007ff9635f6000 	C:\WINDOWS\system32\napinsp.dll
0x00007ff959df0000 - 0x00007ff959e0a000 	C:\WINDOWS\system32\pnrpnsp.dll
0x00007ff964140000 - 0x00007ff964159000 	C:\WINDOWS\system32\NLAapi.dll
0x00007ff967310000 - 0x00007ff9673ce000 	C:\WINDOWS\SYSTEM32\DNSAPI.dll
0x00007ff9696a0000 - 0x00007ff9696a8000 	C:\WINDOWS\System32\NSI.dll
0x00007ff9672d0000 - 0x00007ff967308000 	C:\WINDOWS\SYSTEM32\IPHLPAPI.DLL
0x00007ff9635d0000 - 0x00007ff9635de000 	C:\WINDOWS\System32\winrnr.dll
0x00007ff95ebd0000 - 0x00007ff95ebda000 	C:\Windows\System32\rasadhlp.dll
0x00007ff95f1b0000 - 0x00007ff95f222000 	C:\WINDOWS\System32\fwpuclnt.dll
0x00007ff967830000 - 0x00007ff967855000 	C:\WINDOWS\SYSTEM32\bcrypt.dll
0x00007ff967700000 - 0x00007ff967717000 	C:\WINDOWS\SYSTEM32\CRYPTSP.dll
0x00007ff967130000 - 0x00007ff967163000 	C:\WINDOWS\system32\rsaenh.dll
0x00007ff967bd0000 - 0x00007ff967bf8000 	C:\WINDOWS\SYSTEM32\USERENV.dll
0x00007ff967720000 - 0x00007ff96772b000 	C:\WINDOWS\SYSTEM32\CRYPTBASE.dll
0x00007ff960250000 - 0x00007ff960266000 	C:\WINDOWS\SYSTEM32\dhcpcsvc6.DLL
0x00007ff960230000 - 0x00007ff96024a000 	C:\WINDOWS\SYSTEM32\dhcpcsvc.DLL
0x00007ff95aef0000 - 0x00007ff95b0b9000 	C:\WINDOWS\SYSTEM32\dbghelp.dll

VM Arguments:
jvm_args: -XX:TieredStopAtLevel=1 -Xverify:none -Dspring.output.ansi.enabled=always -Dcom.sun.management.jmxremote -Dcom.sun.management.jmxremote.port=53837 -Dcom.sun.management.jmxremote.authenticate=false -Dcom.sun.management.jmxremote.ssl=false -Djava.rmi.server.hostname=localhost -Dspring.liveBeansView.mbeanDomain -Dspring.application.admin.enabled=true -javaagent:C:\Program Files\JetBrains\IntelliJ IDEA 2018.2.1\lib\idea_rt.jar=53838:C:\Program Files\JetBrains\IntelliJ IDEA 2018.2.1\bin -Dfile.encoding=UTF-8 
java_command: com.scanapp.ScanappApplication
java_class_path (initial): C:\Program Files\Java\jdk1.8.0_161\jre\lib\charsets.jar;C:\Program Files\Java\jdk1.8.0_161\jre\lib\deploy.jar;C:\Program Files\Java\jdk1.8.0_161\jre\lib\ext\access-bridge-64.jar;C:\Program Files\Java\jdk1.8.0_161\jre\lib\ext\cldrdata.jar;C:\Program Files\Java\jdk1.8.0_161\jre\lib\ext\dnsns.jar;C:\Program Files\Java\jdk1.8.0_161\jre\lib\ext\jaccess.jar;C:\Program Files\Java\jdk1.8.0_161\jre\lib\ext\jfxrt.jar;C:\Program Files\Java\jdk1.8.0_161\jre\lib\ext\localedata.jar;C:\Program Files\Java\jdk1.8.0_161\jre\lib\ext\nashorn.jar;C:\Program Files\Java\jdk1.8.0_161\jre\lib\ext\sunec.jar;C:\Program Files\Java\jdk1.8.0_161\jre\lib\ext\sunjce_provider.jar;C:\Program Files\Java\jdk1.8.0_161\jre\lib\ext\sunmscapi.jar;C:\Program Files\Java\jdk1.8.0_161\jre\lib\ext\sunpkcs11.jar;C:\Program Files\Java\jdk1.8.0_161\jre\lib\ext\zipfs.jar;C:\Program Files\Java\jdk1.8.0_161\jre\lib\javaws.jar;C:\Program Files\Java\jdk1.8.0_161\jre\lib\jce.jar;C:\Program Files\Java\jdk1.8.0_161\jre\lib\jfr.jar;C:\Program Files\Java\jdk1.8.0_161\jre\lib\jfxswt.jar;C:\Program Files\Java\jdk1.8.0_161\jre\lib\jsse.jar;C:\Program Files\Java\jdk1.8.0_161\jre\lib\management-agent.jar;C:\Program Files\Java\jdk1.8.0_161\jre\lib\plugin.jar;C:\Program Files\Java\jdk1.8.0_161\jre\lib\resources.jar;C:\Program Files\Java\jdk1.8.0_161\jre\lib\rt.jar;C:\Users\Adoni\IdeaProjects\scanapp-master\scanapp-master\target\classes;C:\Users\Adoni\.m2\repository\org\springframework\boot\spring-boot-starter-jdbc\2.0.4.RELEASE\spring-boot-starter-jdbc-2.0.4.RELEASE.jar;C:\Users\Adoni\.m2\repository\org\springframework\boot\spring-boot-starter\2.0.4.RELEASE\spring-boot-starter-2.0.4.RELEASE.jar;C:\Users\Adoni\.m2\repository\org\springframework\boot\spring-boot-starter-logging\2.0.4.RELEASE\spring-boot-starter-logging-2.0.4.RELEASE.jar;C:\Users\Adoni\.m2\repository\ch\qos\logback\logback-classic\1.2.3\logback-classic-1.2.3.jar;C:\Users\Adoni\.m2\repository\ch\qos\logback\logback-core\1.2.3\logback-core
Launcher Type: SUN_STANDARD

Environment Variables:
JAVA_HOME=C:\Program Files\Java\jdk1.8.0_161
PATH=C:\Program Files (x86)\Common Files\Oracle\Java\javapath;C:\Program Files (x86)\Common Files\Intel\Shared Libraries\redist\intel64\compiler;C:\WINDOWS\system32;C:\WINDOWS;C:\WINDOWS\System32\Wbem;C:\WINDOWS\System32\WindowsPowerShell\v1.0\;C:\Program Files (x86)\Intel\OpenCL SDK\2.0\bin\x86;C:\Program Files (x86)\Intel\OpenCL SDK\2.0\bin\x64;C:\Program Files\dotnet\;C:\Program Files\Microsoft SQL Server\130\Tools\Binn\;C:\WINDOWS\System32\OpenSSH\;C:\Program Files\Apache\apache-maven-3.5.4\bin;C:\Program Files (x86)\nodejs\;C:\Users\Adoni\AppData\Local\Microsoft\WindowsApps;;C:\Program Files\Microsoft VS Code\bin;C:\Users\Adoni\AppData\Roaming\npm
USERNAME=Adoni
OS=Windows_NT
PROCESSOR_IDENTIFIER=Intel64 Family 6 Model 42 Stepping 7, GenuineIntel



---------------  S Y S T E M  ---------------

OS: Windows 10.0 , 64 bit Build 17134 (10.0.17134.1)

CPU:total 4 (initial active 4) (2 cores per cpu, 2 threads per core) family 6 model 42 stepping 7, cmov, cx8, fxsr, mmx, sse, sse2, sse3, ssse3, sse4.1, sse4.2, popcnt, avx, aes, clmul, ht, tsc, tscinvbit

Memory: 4k page, physical 8296808k(1410752k free), swap 18258280k(5799752k free)

vm_info: Java HotSpot(TM) 64-Bit Server VM (25.161-b12) for windows-amd64 JRE (1.8.0_161-b12), built on Dec 19 2017 17:52:25 by "java_re" with MS VC++ 10.0 (VS2010)

time: Thu Aug 30 13:42:07 2018
elapsed time: 22 seconds (0d 0h 0m 22s)

